<?xml version="1.0" encoding="UTF-8"?>
<testsuite xmlns:xsi="http://www.w3.org/2001/XMLSchema-instance" xsi:noNamespaceSchemaLocation="https://maven.apache.org/surefire/maven-surefire-plugin/xsd/surefire-test-report.xsd" name="TestSuite" time="0.525" tests="4" errors="0" skipped="0" failures="0">
  <properties>
[...]
</properties>
  <testcase name="runScenario" classname="TestRunner" time="0.093"/>
  <testcase name="runScenario" classname="TestRunner" time="0.094"/>
  <testcase name="runScenario" classname="TestRunner" time="0.094"/>
  <testcase name="runScenario" classname="TestRunner" time="0.094"/>
</testsuite>