<?xml version="1.0" encoding="UTF-8"?>
<testng-results ignored="0" total="4" passed="4" failed="0" skipped="0">
  <reporter-output>
  </reporter-output>
  <suite started-at="2020-01-14T12:02:39Z" name="BDD Test Suite" finished-at="2020-01-14T12:02:39Z" duration-ms="273">
    <groups>
      <group name="cucumber">
        <method signature="AbstractTestNGCucumberTests.runScenario(io.cucumber.testng.PickleEventWrapper, io.cucumber.testng.CucumberFeatureWrapper)[pri:0, instance:TestRunner@64c87930]" name="runScenario" class="io.cucumber.testng.AbstractTestNGCucumberTests"/>
      </group> <!-- cucumber -->
    </groups>
    <test started-at="2020-01-14T12:02:39Z" name="Login and Update Profile Test" finished-at="2020-01-14T12:02:39Z" duration-ms="273">
      <class name="TestRunner">
        <test-method is-config="true" signature="setUpClass()[pri:0, instance:TestRunner@64c87930]" started-at="2020-01-14T12:02:39Z" name="setUpClass" finished-at="2020-01-14T12:02:39Z" duration-ms="102" status="PASS">
          <reporter-output>
          </reporter-output>
        </test-method> <!-- setUpClass -->
        <test-method signature="runScenario(io.cucumber.testng.PickleEventWrapper, io.cucumber.testng.CucumberFeatureWrapper)[pri:0, instance:TestRunner@64c87930]" started-at="2020-01-14T12:02:39Z" name="runScenario" description="Runs Cucumber Scenarios" data-provider="scenarios" finished-at="2020-01-14T12:02:39Z" duration-ms="86" status="PASS">
          <params>
            <param index="0">
              <value>
                <![CDATA["Scenario Number One"]]>
              </value>
            </param>
            <param index="1">
              <value>
                <![CDATA["Scenarios feature file"]]>
              </value>
            </param>
          </params>
          <reporter-output>
          </reporter-output>
        </test-method> <!-- runScenario -->
        <test-method signature="runScenario(io.cucumber.testng.PickleEventWrapper, io.cucumber.testng.CucumberFeatureWrapper)[pri:0, instance:TestRunner@64c87930]" started-at="2020-01-14T12:02:39Z" name="runScenario" description="Runs Cucumber Scenarios" data-provider="scenarios" finished-at="2020-01-14T12:02:39Z" duration-ms="86" status="PASS">
          <params>
            <param index="0">
              <value>
                <![CDATA["Scenario Outline Row 1"]]>
              </value>
            </param>
            <param index="1">
              <value>
                <![CDATA["Scenario Outlines feature file"]]>
              </value>
            </param>
          </params>
          <reporter-output>
          </reporter-output>
        </test-method> <!-- runScenario -->
        <test-method signature="runScenario(io.cucumber.testng.PickleEventWrapper, io.cucumber.testng.CucumberFeatureWrapper)[pri:0, instance:TestRunner@64c87930]" started-at="2020-01-14T12:02:39Z" name="runScenario" description="Runs Cucumber Scenarios" data-provider="scenarios" finished-at="2020-01-14T12:02:39Z" duration-ms="86" status="PASS">
          <params>
            <param index="0">
              <value>
                <![CDATA["Scenario Number Two"]]>
              </value>
            </param>
            <param index="1">
              <value>
                <![CDATA["Scenarios feature file"]]>
              </value>
            </param>
          </params>
          <reporter-output>
          </reporter-output>
        </test-method> <!-- runScenario -->
        <test-method signature="runScenario(io.cucumber.testng.PickleEventWrapper, io.cucumber.testng.CucumberFeatureWrapper)[pri:0, instance:TestRunner@64c87930]" started-at="2020-01-14T12:02:39Z" name="runScenario" description="Runs Cucumber Scenarios" data-provider="scenarios" finished-at="2020-01-14T12:02:39Z" duration-ms="86" status="PASS">
          <params>
            <param index="0">
              <value>
                <![CDATA["Scenario Outline Row 2"]]>
              </value>
            </param>
            <param index="1">
              <value>
                <![CDATA["Scenario Outlines feature file"]]>
              </value>
            </param>
          </params>
          <reporter-output>
          </reporter-output>
        </test-method> <!-- runScenario -->
        <test-method is-config="true" signature="tearDownClass()[pri:0, instance:TestRunner@64c87930]" started-at="2020-01-14T12:02:39Z" name="tearDownClass" finished-at="2020-01-14T12:02:39Z" duration-ms="48" status="PASS">
          <reporter-output>
          </reporter-output>
        </test-method> <!-- tearDownClass -->
      </class> <!-- TestRunner -->
    </test> <!-- Login and Update Profile Test -->
  </suite> <!-- BDD Test Suite -->
</testng-results>
